<?xml version="1.0" encoding="UTF-8"?>
<coverage generated="1740903442481" clover="3.2.0">
  <project timestamp="1740903442482" name="All files">
    <metrics statements="72" coveredstatements="69" conditionals="39" coveredconditionals="32" methods="16" coveredmethods="16" elements="127" coveredelements="117" complexity="0" loc="72" ncloc="72" packages="2" files="8" classes="8"/>
    <package name="formatters">
      <metrics statements="27" coveredstatements="26" conditionals="13" coveredconditionals="11" methods="8" coveredmethods="8"/>
      <file name="index.js" path="/mnt/c/Users/maxiz/frontend-project-46/frontend-project-46/formatters/index.js">
        <metrics statements="2" coveredstatements="2" conditionals="1" coveredconditionals="0" methods="1" coveredmethods="1"/>
        <line num="5" count="1" type="stmt"/>
        <line num="11" count="6" type="cond" truecount="0" falsecount="1"/>
      </file>
      <file name="jsonFormatter.js" path="/mnt/c/Users/maxiz/frontend-project-46/frontend-project-46/formatters/jsonFormatter.js">
        <metrics statements="1" coveredstatements="1" conditionals="0" coveredconditionals="0" methods="1" coveredmethods="1"/>
        <line num="1" count="2" type="stmt"/>
      </file>
      <file name="plain.js" path="/mnt/c/Users/maxiz/frontend-project-46/frontend-project-46/formatters/plain.js">
        <metrics statements="10" coveredstatements="10" conditionals="5" coveredconditionals="5" methods="4" coveredmethods="4"/>
        <line num="4" count="2" type="stmt"/>
        <line num="5" count="36" type="stmt"/>
        <line num="7" count="36" type="cond" truecount="5" falsecount="0"/>
        <line num="9" count="10" type="stmt"/>
        <line num="11" count="4" type="stmt"/>
        <line num="13" count="8" type="stmt"/>
        <line num="15" count="28" type="stmt"/>
        <line num="17" count="6" type="stmt"/>
        <line num="21" count="2" type="stmt"/>
        <line num="23" count="8" type="stmt"/>
      </file>
      <file name="stylish.js" path="/mnt/c/Users/maxiz/frontend-project-46/frontend-project-46/formatters/stylish.js">
        <metrics statements="14" coveredstatements="13" conditionals="7" coveredconditionals="6" methods="2" coveredmethods="2"/>
        <line num="3" count="1" type="cond" truecount="1" falsecount="0"/>
        <line num="4" count="10" type="stmt"/>
        <line num="5" count="10" type="stmt"/>
        <line num="6" count="10" type="stmt"/>
        <line num="8" count="10" type="stmt"/>
        <line num="10" count="36" type="cond" truecount="5" falsecount="1"/>
        <line num="12" count="10" type="stmt"/>
        <line num="14" count="4" type="stmt"/>
        <line num="16" count="6" type="stmt"/>
        <line num="18" count="8" type="stmt"/>
        <line num="20" count="8" type="stmt"/>
        <line num="22" count="0" type="stmt"/>
        <line num="27" count="10" type="stmt"/>
        <line num="28" count="10" type="stmt"/>
      </file>
    </package>
    <package name="src">
      <metrics statements="45" coveredstatements="43" conditionals="26" coveredconditionals="21" methods="8" coveredmethods="8"/>
      <file name="index.js" path="/mnt/c/Users/maxiz/frontend-project-46/frontend-project-46/src/index.js">
        <metrics statements="26" coveredstatements="25" conditionals="13" coveredconditionals="11" methods="4" coveredmethods="4"/>
        <line num="8" count="6" type="stmt"/>
        <line num="9" count="6" type="stmt"/>
        <line num="11" count="6" type="stmt"/>
        <line num="12" count="6" type="stmt"/>
        <line num="14" count="6" type="stmt"/>
        <line num="15" count="30" type="stmt"/>
        <line num="16" count="30" type="stmt"/>
        <line num="17" count="30" type="stmt"/>
        <line num="19" count="30" type="stmt"/>
        <line num="20" count="108" type="cond" truecount="2" falsecount="0"/>
        <line num="21" count="12" type="stmt"/>
        <line num="24" count="96" type="cond" truecount="2" falsecount="0"/>
        <line num="25" count="30" type="stmt"/>
        <line num="28" count="66" type="cond" truecount="4" falsecount="0"/>
        <line num="29" count="24" type="stmt"/>
        <line num="32" count="42" type="cond" truecount="2" falsecount="0"/>
        <line num="33" count="18" type="stmt"/>
        <line num="35" count="24" type="stmt"/>
        <line num="42" count="6" type="stmt"/>
        <line num="43" count="6" type="stmt"/>
        <line num="44" count="6" type="stmt"/>
        <line num="45" count="6" type="stmt"/>
        <line num="46" count="6" type="cond" truecount="1" falsecount="1"/>
        <line num="47" count="0" type="stmt"/>
        <line num="49" count="6" type="stmt"/>
        <line num="52" count="6" type="stmt"/>
      </file>
      <file name="parser.js" path="/mnt/c/Users/maxiz/frontend-project-46/frontend-project-46/src/parser.js">
        <metrics statements="5" coveredstatements="4" conditionals="6" coveredconditionals="4" methods="1" coveredmethods="1"/>
        <line num="4" count="12" type="cond" truecount="2" falsecount="0"/>
        <line num="5" count="4" type="stmt"/>
        <line num="6" count="8" type="cond" truecount="2" falsecount="2"/>
        <line num="7" count="8" type="stmt"/>
        <line num="9" count="0" type="stmt"/>
      </file>
      <file name="plain.js" path="/mnt/c/Users/maxiz/frontend-project-46/frontend-project-46/src/plain.js">
        <metrics statements="6" coveredstatements="6" conditionals="4" coveredconditionals="4" methods="1" coveredmethods="1"/>
        <line num="3" count="1" type="stmt"/>
        <line num="4" count="26" type="cond" truecount="2" falsecount="0"/>
        <line num="5" count="6" type="stmt"/>
        <line num="7" count="20" type="cond" truecount="2" falsecount="0"/>
        <line num="8" count="14" type="stmt"/>
        <line num="10" count="6" type="stmt"/>
      </file>
      <file name="stringify.js" path="/mnt/c/Users/maxiz/frontend-project-46/frontend-project-46/src/stringify.js">
        <metrics statements="8" coveredstatements="8" conditionals="3" coveredconditionals="2" methods="2" coveredmethods="2"/>
        <line num="3" count="1" type="cond" truecount="0" falsecount="1"/>
        <line num="4" count="54" type="cond" truecount="2" falsecount="0"/>
        <line num="5" count="40" type="stmt"/>
        <line num="8" count="14" type="stmt"/>
        <line num="9" count="14" type="stmt"/>
        <line num="10" count="14" type="stmt"/>
        <line num="12" count="18" type="stmt"/>
        <line num="15" count="14" type="stmt"/>
      </file>
    </package>
  </project>
</coverage>
