{"/mnt/c/Users/maxiz/frontend-project-46/frontend-project-46/formatters/index.js": {"path":"/mnt/c/Users/maxiz/frontend-project-46/frontend-project-46/formatters/index.js","statementMap":{"0":{"start":{"line":5,"column":18},"end":{"line":9,"column":1}},"1":{"start":{"line":11,"column":39},"end":{"line":11,"column":56}}},"fnMap":{"0":{"name":"(anonymous_0)","decl":{"start":{"line":11,"column":15},"end":{"line":11,"column":16}},"loc":{"start":{"line":11,"column":39},"end":{"line":11,"column":56}},"line":11}},"branchMap":{"0":{"loc":{"start":{"line":11,"column":16},"end":{"line":11,"column":34}},"type":"default-arg","locations":[{"start":{"line":11,"column":25},"end":{"line":11,"column":34}}],"line":11}},"s":{"0":1,"1":6},"f":{"0":6},"b":{"0":[0]},"_coverageSchema":"1a1c01bbd47fc00a2c39e90264f33305004495a9","hash":"19a569affe82357794268fe4e32cae89deec74bb"}
,"/mnt/c/Users/maxiz/frontend-project-46/frontend-project-46/formatters/jsonFormatter.js": {"path":"/mnt/c/Users/maxiz/frontend-project-46/frontend-project-46/formatters/jsonFormatter.js","statementMap":{"0":{"start":{"line":1,"column":24},"end":{"line":1,"column":52}}},"fnMap":{"0":{"name":"(anonymous_0)","decl":{"start":{"line":1,"column":15},"end":{"line":1,"column":16}},"loc":{"start":{"line":1,"column":24},"end":{"line":1,"column":52}},"line":1}},"branchMap":{},"s":{"0":2},"f":{"0":2},"b":{},"_coverageSchema":"1a1c01bbd47fc00a2c39e90264f33305004495a9","hash":"bb9bce4bb9abcc105427b30e3a9b3cd7c9973e43"}
,"/mnt/c/Users/maxiz/frontend-project-46/frontend-project-46/formatters/plain.js": {"path":"/mnt/c/Users/maxiz/frontend-project-46/frontend-project-46/formatters/plain.js","statementMap":{"0":{"start":{"line":4,"column":15},"end":{"line":19,"column":3}},"1":{"start":{"line":5,"column":21},"end":{"line":5,"column":41}},"2":{"start":{"line":7,"column":4},"end":{"line":18,"column":5}},"3":{"start":{"line":9,"column":8},"end":{"line":9,"column":83}},"4":{"start":{"line":11,"column":8},"end":{"line":11,"column":52}},"5":{"start":{"line":13,"column":8},"end":{"line":13,"column":109}},"6":{"start":{"line":15,"column":8},"end":{"line":15,"column":100}},"7":{"start":{"line":15,"column":44},"end":{"line":15,"column":71}},"8":{"start":{"line":17,"column":8},"end":{"line":17,"column":20}},"9":{"start":{"line":21,"column":2},"end":{"line":24,"column":16}},"10":{"start":{"line":23,"column":23},"end":{"line":23,"column":37}}},"fnMap":{"0":{"name":"(anonymous_0)","decl":{"start":{"line":3,"column":15},"end":{"line":3,"column":16}},"loc":{"start":{"line":3,"column":24},"end":{"line":25,"column":1}},"line":3},"1":{"name":"(anonymous_1)","decl":{"start":{"line":4,"column":15},"end":{"line":4,"column":16}},"loc":{"start":{"line":4,"column":31},"end":{"line":19,"column":3}},"line":4},"2":{"name":"(anonymous_2)","decl":{"start":{"line":15,"column":33},"end":{"line":15,"column":34}},"loc":{"start":{"line":15,"column":44},"end":{"line":15,"column":71}},"line":15},"3":{"name":"(anonymous_3)","decl":{"start":{"line":23,"column":13},"end":{"line":23,"column":14}},"loc":{"start":{"line":23,"column":23},"end":{"line":23,"column":37}},"line":23}},"branchMap":{"0":{"loc":{"start":{"line":7,"column":4},"end":{"line":18,"column":5}},"type":"switch","locations":[{"start":{"line":8,"column":6},"end":{"line":9,"column":83}},{"start":{"line":10,"column":6},"end":{"line":11,"column":52}},{"start":{"line":12,"column":6},"end":{"line":13,"column":109}},{"start":{"line":14,"column":6},"end":{"line":15,"column":100}},{"start":{"line":16,"column":6},"end":{"line":17,"column":20}}],"line":7}},"s":{"0":2,"1":36,"2":36,"3":10,"4":4,"5":8,"6":8,"7":28,"8":6,"9":2,"10":8},"f":{"0":2,"1":36,"2":28,"3":8},"b":{"0":[10,4,8,8,6]},"_coverageSchema":"1a1c01bbd47fc00a2c39e90264f33305004495a9","hash":"fe020c472383fc7ea994dbadd14681fa3c0a02f7"}
,"/mnt/c/Users/maxiz/frontend-project-46/frontend-project-46/formatters/stylish.js": {"path":"/mnt/c/Users/maxiz/frontend-project-46/frontend-project-46/formatters/stylish.js","statementMap":{"0":{"start":{"line":3,"column":16},"end":{"line":29,"column":1}},"1":{"start":{"line":4,"column":22},"end":{"line":4,"column":23}},"2":{"start":{"line":5,"column":20},"end":{"line":5,"column":21}},"3":{"start":{"line":6,"column":17},"end":{"line":6,"column":60}},"4":{"start":{"line":8,"column":17},"end":{"line":25,"column":15}},"5":{"start":{"line":10,"column":6},"end":{"line":23,"column":7}},"6":{"start":{"line":12,"column":10},"end":{"line":12,"column":79}},"7":{"start":{"line":14,"column":10},"end":{"line":14,"column":79}},"8":{"start":{"line":16,"column":10},"end":{"line":16,"column":79}},"9":{"start":{"line":18,"column":10},"end":{"line":18,"column":146}},"10":{"start":{"line":20,"column":10},"end":{"line":20,"column":80}},"11":{"start":{"line":22,"column":10},"end":{"line":22,"column":57}},"12":{"start":{"line":27,"column":22},"end":{"line":27,"column":59}},"13":{"start":{"line":28,"column":2},"end":{"line":28,"column":41}}},"fnMap":{"0":{"name":"(anonymous_0)","decl":{"start":{"line":3,"column":16},"end":{"line":3,"column":17}},"loc":{"start":{"line":3,"column":36},"end":{"line":29,"column":1}},"line":3},"1":{"name":"(anonymous_1)","decl":{"start":{"line":9,"column":9},"end":{"line":9,"column":10}},"loc":{"start":{"line":9,"column":19},"end":{"line":24,"column":5}},"line":9}},"branchMap":{"0":{"loc":{"start":{"line":3,"column":22},"end":{"line":3,"column":31}},"type":"default-arg","locations":[{"start":{"line":3,"column":30},"end":{"line":3,"column":31}}],"line":3},"1":{"loc":{"start":{"line":10,"column":6},"end":{"line":23,"column":7}},"type":"switch","locations":[{"start":{"line":11,"column":8},"end":{"line":12,"column":79}},{"start":{"line":13,"column":8},"end":{"line":14,"column":79}},{"start":{"line":15,"column":8},"end":{"line":16,"column":79}},{"start":{"line":17,"column":8},"end":{"line":18,"column":146}},{"start":{"line":19,"column":8},"end":{"line":20,"column":80}},{"start":{"line":21,"column":8},"end":{"line":22,"column":57}}],"line":10}},"s":{"0":1,"1":10,"2":10,"3":10,"4":10,"5":36,"6":10,"7":4,"8":6,"9":8,"10":8,"11":0,"12":10,"13":10},"f":{"0":10,"1":36},"b":{"0":[2],"1":[10,4,6,8,8,0]},"_coverageSchema":"1a1c01bbd47fc00a2c39e90264f33305004495a9","hash":"c75a04faa19db2abdca05f9081d26f514091766c"}
,"/mnt/c/Users/maxiz/frontend-project-46/frontend-project-46/src/index.js": {"path":"/mnt/c/Users/maxiz/frontend-project-46/frontend-project-46/src/index.js","statementMap":{"0":{"start":{"line":8,"column":19},"end":{"line":8,"column":68}},"1":{"start":{"line":9,"column":19},"end":{"line":9,"column":68}},"2":{"start":{"line":11,"column":22},"end":{"line":11,"column":63}},"3":{"start":{"line":12,"column":22},"end":{"line":12,"column":63}},"4":{"start":{"line":14,"column":19},"end":{"line":40,"column":3}},"5":{"start":{"line":15,"column":18},"end":{"line":15,"column":35}},"6":{"start":{"line":16,"column":18},"end":{"line":16,"column":35}},"7":{"start":{"line":17,"column":17},"end":{"line":17,"column":48}},"8":{"start":{"line":19,"column":4},"end":{"line":39,"column":7}},"9":{"start":{"line":20,"column":6},"end":{"line":22,"column":7}},"10":{"start":{"line":21,"column":8},"end":{"line":21,"column":58}},"11":{"start":{"line":24,"column":6},"end":{"line":26,"column":7}},"12":{"start":{"line":25,"column":8},"end":{"line":25,"column":56}},"13":{"start":{"line":28,"column":6},"end":{"line":30,"column":7}},"14":{"start":{"line":29,"column":8},"end":{"line":29,"column":81}},"15":{"start":{"line":32,"column":6},"end":{"line":34,"column":7}},"16":{"start":{"line":33,"column":8},"end":{"line":33,"column":60}},"17":{"start":{"line":36,"column":6},"end":{"line":38,"column":8}},"18":{"start":{"line":42,"column":18},"end":{"line":46,"column":3}},"19":{"start":{"line":43,"column":16},"end":{"line":43,"column":36}},"20":{"start":{"line":44,"column":22},"end":{"line":44,"column":42}},"21":{"start":{"line":45,"column":4},"end":{"line":45,"column":31}},"22":{"start":{"line":48,"column":2},"end":{"line":48,"column":43}}},"fnMap":{"0":{"name":"(anonymous_0)","decl":{"start":{"line":7,"column":15},"end":{"line":7,"column":16}},"loc":{"start":{"line":7,"column":61},"end":{"line":49,"column":1}},"line":7},"1":{"name":"(anonymous_1)","decl":{"start":{"line":14,"column":19},"end":{"line":14,"column":20}},"loc":{"start":{"line":14,"column":35},"end":{"line":40,"column":3}},"line":14},"2":{"name":"(anonymous_2)","decl":{"start":{"line":19,"column":20},"end":{"line":19,"column":21}},"loc":{"start":{"line":19,"column":29},"end":{"line":39,"column":5}},"line":19},"3":{"name":"(anonymous_3)","decl":{"start":{"line":42,"column":18},"end":{"line":42,"column":19}},"loc":{"start":{"line":42,"column":34},"end":{"line":46,"column":3}},"line":42}},"branchMap":{"0":{"loc":{"start":{"line":7,"column":38},"end":{"line":7,"column":56}},"type":"default-arg","locations":[{"start":{"line":7,"column":47},"end":{"line":7,"column":56}}],"line":7},"1":{"loc":{"start":{"line":20,"column":6},"end":{"line":22,"column":7}},"type":"if","locations":[{"start":{"line":20,"column":6},"end":{"line":22,"column":7}},{"start":{},"end":{}}],"line":20},"2":{"loc":{"start":{"line":24,"column":6},"end":{"line":26,"column":7}},"type":"if","locations":[{"start":{"line":24,"column":6},"end":{"line":26,"column":7}},{"start":{},"end":{}}],"line":24},"3":{"loc":{"start":{"line":28,"column":6},"end":{"line":30,"column":7}},"type":"if","locations":[{"start":{"line":28,"column":6},"end":{"line":30,"column":7}},{"start":{},"end":{}}],"line":28},"4":{"loc":{"start":{"line":28,"column":10},"end":{"line":28,"column":56}},"type":"binary-expr","locations":[{"start":{"line":28,"column":10},"end":{"line":28,"column":31}},{"start":{"line":28,"column":35},"end":{"line":28,"column":56}}],"line":28},"5":{"loc":{"start":{"line":32,"column":6},"end":{"line":34,"column":7}},"type":"if","locations":[{"start":{"line":32,"column":6},"end":{"line":34,"column":7}},{"start":{},"end":{}}],"line":32}},"s":{"0":6,"1":6,"2":6,"3":6,"4":6,"5":30,"6":30,"7":30,"8":30,"9":108,"10":12,"11":96,"12":30,"13":66,"14":24,"15":42,"16":18,"17":24,"18":6,"19":6,"20":6,"21":6,"22":6},"f":{"0":6,"1":30,"2":108,"3":6},"b":{"0":[0],"1":[12,96],"2":[30,66],"3":[24,42],"4":[66,30],"5":[18,24]},"_coverageSchema":"1a1c01bbd47fc00a2c39e90264f33305004495a9","hash":"8feafcd3a0d2156fa01891c92c7d279088b3a79c"}
,"/mnt/c/Users/maxiz/frontend-project-46/frontend-project-46/src/parser.js": {"path":"/mnt/c/Users/maxiz/frontend-project-46/frontend-project-46/src/parser.js","statementMap":{"0":{"start":{"line":4,"column":2},"end":{"line":6,"column":3}},"1":{"start":{"line":5,"column":4},"end":{"line":5,"column":28}},"2":{"start":{"line":6,"column":4},"end":{"line":8,"column":3}},"3":{"start":{"line":7,"column":4},"end":{"line":7,"column":27}},"4":{"start":{"line":9,"column":2},"end":{"line":9,"column":32}}},"fnMap":{"0":{"name":"(anonymous_0)","decl":{"start":{"line":3,"column":15},"end":{"line":3,"column":16}},"loc":{"start":{"line":3,"column":33},"end":{"line":10,"column":1}},"line":3}},"branchMap":{"0":{"loc":{"start":{"line":4,"column":2},"end":{"line":6,"column":3}},"type":"if","locations":[{"start":{"line":4,"column":2},"end":{"line":6,"column":3}},{"start":{},"end":{}}],"line":4},"1":{"loc":{"start":{"line":6,"column":4},"end":{"line":8,"column":3}},"type":"if","locations":[{"start":{"line":6,"column":4},"end":{"line":8,"column":3}},{"start":{},"end":{}}],"line":6},"2":{"loc":{"start":{"line":6,"column":8},"end":{"line":6,"column":47}},"type":"binary-expr","locations":[{"start":{"line":6,"column":8},"end":{"line":6,"column":25}},{"start":{"line":6,"column":29},"end":{"line":6,"column":47}}],"line":6}},"s":{"0":12,"1":4,"2":8,"3":8,"4":0},"f":{"0":12},"b":{"0":[4,8],"1":[8,0],"2":[8,0]},"_coverageSchema":"1a1c01bbd47fc00a2c39e90264f33305004495a9","hash":"aa43f513e0ac5541816083e267acf7566fe7a138"}
,"/mnt/c/Users/maxiz/frontend-project-46/frontend-project-46/src/plain.js": {"path":"/mnt/c/Users/maxiz/frontend-project-46/frontend-project-46/src/plain.js","statementMap":{"0":{"start":{"line":3,"column":14},"end":{"line":11,"column":1}},"1":{"start":{"line":4,"column":2},"end":{"line":6,"column":3}},"2":{"start":{"line":5,"column":4},"end":{"line":5,"column":29}},"3":{"start":{"line":7,"column":2},"end":{"line":9,"column":3}},"4":{"start":{"line":8,"column":4},"end":{"line":8,"column":24}},"5":{"start":{"line":10,"column":2},"end":{"line":10,"column":23}}},"fnMap":{"0":{"name":"(anonymous_0)","decl":{"start":{"line":3,"column":14},"end":{"line":3,"column":15}},"loc":{"start":{"line":3,"column":25},"end":{"line":11,"column":1}},"line":3}},"branchMap":{"0":{"loc":{"start":{"line":4,"column":2},"end":{"line":6,"column":3}},"type":"if","locations":[{"start":{"line":4,"column":2},"end":{"line":6,"column":3}},{"start":{},"end":{}}],"line":4},"1":{"loc":{"start":{"line":7,"column":2},"end":{"line":9,"column":3}},"type":"if","locations":[{"start":{"line":7,"column":2},"end":{"line":9,"column":3}},{"start":{},"end":{}}],"line":7}},"s":{"0":1,"1":26,"2":6,"3":20,"4":14,"5":6},"f":{"0":26},"b":{"0":[6,20],"1":[14,6]},"_coverageSchema":"1a1c01bbd47fc00a2c39e90264f33305004495a9","hash":"e1c2106289eb47eadc020d2074075804ddb3c36a"}
,"/mnt/c/Users/maxiz/frontend-project-46/frontend-project-46/src/stringify.js": {"path":"/mnt/c/Users/maxiz/frontend-project-46/frontend-project-46/src/stringify.js","statementMap":{"0":{"start":{"line":3,"column":18},"end":{"line":16,"column":1}},"1":{"start":{"line":4,"column":2},"end":{"line":6,"column":3}},"2":{"start":{"line":5,"column":4},"end":{"line":5,"column":17}},"3":{"start":{"line":8,"column":22},"end":{"line":8,"column":23}},"4":{"start":{"line":9,"column":17},"end":{"line":9,"column":48}},"5":{"start":{"line":10,"column":18},"end":{"line":13,"column":15}},"6":{"start":{"line":12,"column":25},"end":{"line":12,"column":72}},"7":{"start":{"line":15,"column":2},"end":{"line":15,"column":68}}},"fnMap":{"0":{"name":"(anonymous_0)","decl":{"start":{"line":3,"column":18},"end":{"line":3,"column":19}},"loc":{"start":{"line":3,"column":40},"end":{"line":16,"column":1}},"line":3},"1":{"name":"(anonymous_1)","decl":{"start":{"line":12,"column":9},"end":{"line":12,"column":10}},"loc":{"start":{"line":12,"column":25},"end":{"line":12,"column":72}},"line":12}},"branchMap":{"0":{"loc":{"start":{"line":3,"column":26},"end":{"line":3,"column":35}},"type":"default-arg","locations":[{"start":{"line":3,"column":34},"end":{"line":3,"column":35}}],"line":3},"1":{"loc":{"start":{"line":4,"column":2},"end":{"line":6,"column":3}},"type":"if","locations":[{"start":{"line":4,"column":2},"end":{"line":6,"column":3}},{"start":{},"end":{}}],"line":4}},"s":{"0":1,"1":54,"2":40,"3":14,"4":14,"5":14,"6":18,"7":14},"f":{"0":54,"1":18},"b":{"0":[0],"1":[40,14]},"_coverageSchema":"1a1c01bbd47fc00a2c39e90264f33305004495a9","hash":"59c64a296b585b189a6bcd87a118ca31846ef559"}
}
