TN:
SF:src/index.js
FN:6,(anonymous_0)
FN:13,(anonymous_1)
FN:18,(anonymous_2)
FNF:3
FNH:3
FNDA:1,(anonymous_0)
FNDA:1,(anonymous_1)
FNDA:5,(anonymous_2)
DA:7,1
DA:8,1
DA:10,1
DA:11,1
DA:13,1
DA:14,1
DA:15,1
DA:16,1
DA:18,1
DA:19,5
DA:20,2
DA:21,3
DA:22,1
DA:23,2
DA:24,1
DA:26,1
DA:29,1
DA:32,1
LF:18
LH:18
BRDA:19,0,0,2
BRDA:19,0,1,3
BRDA:21,1,0,1
BRDA:21,1,1,2
BRDA:23,2,0,1
BRDA:23,2,1,1
BRF:6
BRH:6
end_of_record
TN:
SF:src/parser.js
FN:1,(anonymous_0)
FNF:1
FNH:1
FNDA:2,(anonymous_0)
DA:1,2
LF:1
LH:1
BRF:0
BRH:0
end_of_record
