TN:
SF:formatters/index.js
FN:11,(anonymous_0)
FNF:1
FNH:1
FNDA:6,(anonymous_0)
DA:5,1
DA:11,6
LF:2
LH:2
BRDA:11,0,0,0
BRF:1
BRH:0
end_of_record
TN:
SF:formatters/jsonFormatter.js
FN:1,(anonymous_0)
FNF:1
FNH:1
FNDA:2,(anonymous_0)
DA:1,2
LF:1
LH:1
BRF:0
BRH:0
end_of_record
TN:
SF:formatters/plain.js
FN:3,(anonymous_0)
FN:4,(anonymous_1)
FN:15,(anonymous_2)
FN:23,(anonymous_3)
FNF:4
FNH:4
FNDA:2,(anonymous_0)
FNDA:36,(anonymous_1)
FNDA:28,(anonymous_2)
FNDA:8,(anonymous_3)
DA:4,2
DA:5,36
DA:7,36
DA:9,10
DA:11,4
DA:13,8
DA:15,28
DA:17,6
DA:21,2
DA:23,8
LF:10
LH:10
BRDA:7,0,0,10
BRDA:7,0,1,4
BRDA:7,0,2,8
BRDA:7,0,3,8
BRDA:7,0,4,6
BRF:5
BRH:5
end_of_record
TN:
SF:formatters/stylish.js
FN:3,(anonymous_0)
FN:9,(anonymous_1)
FNF:2
FNH:2
FNDA:10,(anonymous_0)
FNDA:36,(anonymous_1)
DA:3,1
DA:4,10
DA:5,10
DA:6,10
DA:8,10
DA:10,36
DA:12,10
DA:14,4
DA:16,6
DA:18,8
DA:20,8
DA:22,0
DA:27,10
DA:28,10
LF:14
LH:13
BRDA:3,0,0,2
BRDA:10,1,0,10
BRDA:10,1,1,4
BRDA:10,1,2,6
BRDA:10,1,3,8
BRDA:10,1,4,8
BRDA:10,1,5,0
BRF:7
BRH:6
end_of_record
TN:
SF:src/index.js
FN:7,(anonymous_0)
FN:14,(anonymous_1)
FN:19,(anonymous_2)
FN:42,(anonymous_3)
FNF:4
FNH:4
FNDA:6,(anonymous_0)
FNDA:30,(anonymous_1)
FNDA:108,(anonymous_2)
FNDA:6,(anonymous_3)
DA:8,6
DA:9,6
DA:11,6
DA:12,6
DA:14,6
DA:15,30
DA:16,30
DA:17,30
DA:19,30
DA:20,108
DA:21,12
DA:24,96
DA:25,30
DA:28,66
DA:29,24
DA:32,42
DA:33,18
DA:36,24
DA:42,6
DA:43,6
DA:44,6
DA:45,6
DA:48,6
LF:23
LH:23
BRDA:7,0,0,0
BRDA:20,1,0,12
BRDA:20,1,1,96
BRDA:24,2,0,30
BRDA:24,2,1,66
BRDA:28,3,0,24
BRDA:28,3,1,42
BRDA:28,4,0,66
BRDA:28,4,1,30
BRDA:32,5,0,18
BRDA:32,5,1,24
BRF:11
BRH:10
end_of_record
TN:
SF:src/parser.js
FN:3,(anonymous_0)
FNF:1
FNH:1
FNDA:12,(anonymous_0)
DA:4,12
DA:5,4
DA:6,8
DA:7,8
DA:9,0
LF:5
LH:4
BRDA:4,0,0,4
BRDA:4,0,1,8
BRDA:6,1,0,8
BRDA:6,1,1,0
BRDA:6,2,0,8
BRDA:6,2,1,0
BRF:6
BRH:4
end_of_record
TN:
SF:src/plain.js
FN:3,(anonymous_0)
FNF:1
FNH:1
FNDA:26,(anonymous_0)
DA:3,1
DA:4,26
DA:5,6
DA:7,20
DA:8,14
DA:10,6
LF:6
LH:6
BRDA:4,0,0,6
BRDA:4,0,1,20
BRDA:7,1,0,14
BRDA:7,1,1,6
BRF:4
BRH:4
end_of_record
TN:
SF:src/stringify.js
FN:3,(anonymous_0)
FN:12,(anonymous_1)
FNF:2
FNH:2
FNDA:54,(anonymous_0)
FNDA:18,(anonymous_1)
DA:3,1
DA:4,54
DA:5,40
DA:8,14
DA:9,14
DA:10,14
DA:12,18
DA:15,14
LF:8
LH:8
BRDA:3,0,0,0
BRDA:4,1,0,40
BRDA:4,1,1,14
BRF:3
BRH:2
end_of_record
